0 info it worked if it ends with ok
1 verbose cli [ 'C:\\Program Files\\nodejs\\node.exe',
1 verbose cli   'C:\\Users\\michel\\AppData\\Roaming\\npm\\node_modules\\npm\\bin\\npm-cli.js',
1 verbose cli   'start' ]
2 info using npm@3.10.3
3 info using node@v8.11.3
4 verbose run-script [ 'prestart', 'start', 'poststart' ]
5 info lifecycle kitty-ui@1.0.0~prestart: kitty-ui@1.0.0
6 silly lifecycle kitty-ui@1.0.0~prestart: no script for prestart, continuing
7 info lifecycle kitty-ui@1.0.0~start: kitty-ui@1.0.0
8 verbose lifecycle kitty-ui@1.0.0~start: unsafe-perm in lifecycle true
9 verbose lifecycle kitty-ui@1.0.0~start: PATH: C:\Users\michel\AppData\Roaming\npm\node_modules\npm\bin\node-gyp-bin;F:\project-kitty-me\kitty-ui\node_modules\.bin;C:\Program Files\nodejs;C:\Program Files\Python36\Scripts\;C:\Program Files\Python36\;C:\Program Files (x86)\Common Files\Oracle\Java\javapath;D:\Java\jdk1.8.0_131\jre\bin;D:\Java\jdk1.8.0_131\bin;C:\ProgramData\Oracle\Java\javapath;C:\Program Files (x86)\Intel\iCLS Client\;C:\Program Files\Intel\iCLS Client\;C:\windows\system32;C:\windows;C:\windows\System32\Wbem;C:\windows\System32\WindowsPowerShell\v1.0\;C:\Program Files (x86)\Intel\Intel(R) Management Engine Components\DAL;C:\Program Files\Intel\Intel(R) Management Engine Components\DAL;C:\Program Files (x86)\Intel\Intel(R) Management Engine Components\IPT;C:\Program Files\Intel\Intel(R) Management Engine Components\IPT;C:\Program Files (x86)\Common Files\Lenovo;C:\ProgramData\Lenovo\ReadyApps;D:\mysql-5.7.18-winx64\bin;D:\apache-maven-3.3.9\bin;C:\Program Files\IDM Computer Solutions\UltraCompare;C:\Program Files\nodejs\;F:\workspace-aito\merak-ms\merak_environments_sample.properties;F:\workspace-aito\portfolio-ms\common\src\main\resources;F:\workspace-aito\merak-ms\merak_settings_sample.properties;C:\Program Files\nodejs\node_modules;;C:\Python27\python.exe;C:\Program Files (x86)\Windows Kits\8.1\Windows Performance Toolkit\;C:\Program Files\TortoiseSVN\bin;C:\Program Files\Git\cmd;C:\Users\michel\AppData\Local\Programs\Fiddler;C:\Users\michel\AppData\Roaming\npm;C:\Program Files\nodejs\node_modules\;;C:\Program Files\Microsoft VS Code\bin
10 verbose lifecycle kitty-ui@1.0.0~start: CWD: F:\project-kitty-me\kitty-ui
11 silly lifecycle kitty-ui@1.0.0~start: Args: [ '/d /s /c', 'npm run dev' ]
12 silly lifecycle kitty-ui@1.0.0~start: Returned: code: 3221225786  signal: null
13 info lifecycle kitty-ui@1.0.0~start: Failed to exec start script
14 verbose stack Error: kitty-ui@1.0.0 start: `npm run dev`
14 verbose stack Exit status 3221225786
14 verbose stack     at EventEmitter.<anonymous> (C:\Users\michel\AppData\Roaming\npm\node_modules\npm\lib\utils\lifecycle.js:242:16)
14 verbose stack     at emitTwo (events.js:126:13)
14 verbose stack     at EventEmitter.emit (events.js:214:7)
14 verbose stack     at ChildProcess.<anonymous> (C:\Users\michel\AppData\Roaming\npm\node_modules\npm\lib\utils\spawn.js:40:14)
14 verbose stack     at emitTwo (events.js:126:13)
14 verbose stack     at ChildProcess.emit (events.js:214:7)
14 verbose stack     at maybeClose (internal/child_process.js:925:16)
14 verbose stack     at Process.ChildProcess._handle.onexit (internal/child_process.js:209:5)
15 verbose pkgid kitty-ui@1.0.0
16 verbose cwd F:\project-kitty-me\kitty-ui
17 error Windows_NT 6.1.7601
18 error argv "C:\\Program Files\\nodejs\\node.exe" "C:\\Users\\michel\\AppData\\Roaming\\npm\\node_modules\\npm\\bin\\npm-cli.js" "start"
19 error node v8.11.3
20 error npm  v3.10.3
21 error code ELIFECYCLE
22 error kitty-ui@1.0.0 start: `npm run dev`
22 error Exit status 3221225786
23 error Failed at the kitty-ui@1.0.0 start script 'npm run dev'.
23 error Make sure you have the latest version of node.js and npm installed.
23 error If you do, this is most likely a problem with the kitty-ui package,
23 error not with npm itself.
23 error Tell the author that this fails on your system:
23 error     npm run dev
23 error You can get information on how to open an issue for this project with:
23 error     npm bugs kitty-ui
23 error Or if that isn't available, you can get their info via:
23 error     npm owner ls kitty-ui
23 error There is likely additional logging output above.
24 verbose exit [ 1, true ]
